
时 间:2014 09 18 10:17:09
i  p:127.0.0.1
浏览器:Mozilla/5.0 (Windows NT 6.1; WOW64) AppleWebKit/537.36 (KHTML, like Gecko) Chrome/37.0.2062.120 Safari/537.36
用户名:dzsyzx
操  作:审核
状  态:{"user":{"uid":"50","name":"0","sex":"0","csny":"0","zplj":"0","mz":"0","jg":"0","pwhsp":"0","hscjdp":"0","jkzk":"0","zwhsj":"0","xl":"0","npzw":"0","cjgzsj":"0","sfzh":"0","zyzc":"0","xsttzw":"0","dzzw":"0","shjz":"0","xkz":"0","xk":"0","grzj":"0","zdyjs":"0","zdjs":"0","sysgx":"0","wycd":"0","jsjsp":"0","jxrwzs":"0","jxggzs":"0","lwzzzs":"0","kyhjzs":"0","hjzs":"0"},"xw":{"42":"0","43":"0","44":"0"},"jx":{"29":"0","30":"0"},"jf":{"51":"0","52":"0","53":"0","231":"0"},"xl":{"94":"0","95":"0","96":"0","97":"0","98":"0"},"jxgz":{"216":"0","217":"0","218":"0","219":"0","220":"0","221":"0","222":"0","223":"0","224":"0","225":"0","226":"0","227":"0","228":"0","229":"0","230":"0","231":"0","232":"0","233":"0"},"fblw":{"89":"0","90":"0","91":"0","92":"0","93":"0","94":"0","95":"0","96":"0","97":"0","98":"0"},"zzl":{"30":"0"},"kyxm":{"127":"0","128":"0","129":"0","130":"0","131":"0"},"jgxm":{"38":"0","230":"0","231":"0","232":"0","233":"0","234":"0","235":"0"},"ksqk":{"18":"0"},"kyhj":{"30":"0"},"fmzl":{"29":"0"},"jc":{"36":"0"}}

时 间:2014 09 18 10:27:34
i  p:127.0.0.1
浏览器:Mozilla/5.0 (Windows NT 6.1; WOW64) AppleWebKit/537.36 (KHTML, like Gecko) Chrome/37.0.2062.120 Safari/537.36
用户名:dzsyzx
操  作:审核
状  态:{"user":{"id":"13","name":"1","sex":"1","csny":"1","zplj":"1","mz":"1","jg":"1","pwhsp":"1","hscjdp":"1","jkzk":"1","zwhsj":"1","xl":"1","npzw":"1","cjgzsj":"1","sfzh":"1","zyzc":"1","xsttzw":"1","dzzw":"1","shjz":"1","xkz":"1","xk":"1","grzj":"1","zdyjs":"1","zdjs":"1","sysgx":"1","wycd":"1","jsjsp":"1","jxrwzs":"1","jxggzs":"1","lwzzzs":"1","kyhjzs":"1","hjzs":"1"},"xw":{"42":"1","43":"1","44":"1"},"jx":{"29":"1","30":"1"},"jf":{"51":"1","52":"1","53":"1","231":"1"},"xl":{"94":"1","95":"1","96":"1","97":"1","98":"1"},"jxgz":{"216":"1","217":"1","218":"1","219":"1","220":"1","221":"1","222":"1","223":"1","224":"1","225":"1","226":"1","227":"1","228":"1","229":"1","230":"1","231":"1","232":"1","233":"1"},"fblw":{"89":"1","90":"1","91":"1","92":"1","93":"1","94":"1","95":"1","96":"1","97":"1","98":"1"},"zzl":{"30":"1"},"kyxm":{"127":"1","128":"1","129":"1","130":"1","131":"1"},"jgxm":{"38":"1","230":"1","231":"1","232":"1","233":"1","234":"1","235":"1"},"ksqk":{"18":"1"},"kyhj":{"30":"1"},"fmzl":{"29":"1"},"jc":{"36":"1"}}

时 间:2014 09 18 10:28:10
i  p:127.0.0.1
浏览器:Mozilla/5.0 (Windows NT 6.1; WOW64) AppleWebKit/537.36 (KHTML, like Gecko) Chrome/37.0.2062.120 Safari/537.36
用户名:dzsyzx
操  作:审核
状  态:{"user":{"id":"13","name":"1","sex":"1","csny":"1","zplj":"1","mz":"1","jg":"1","pwhsp":"1","hscjdp":"1","jkzk":"1","zwhsj":"1","xl":"1","npzw":"2","cjgzsj":"1","sfzh":"1","zyzc":"1","xsttzw":"1","dzzw":"1","shjz":"1","xkz":"1","xk":"1","grzj":"1","zdyjs":"1","zdjs":"1","sysgx":"1","wycd":"1","jsjsp":"1","jxrwzs":"1","jxggzs":"1","lwzzzs":"1","kyhjzs":"1","hjzs":"1"},"xw":{"42":"2","43":"2","44":"1"},"jx":{"29":"1","30":"1"},"jf":{"51":"1","52":"1","53":"1","231":"1"},"xl":{"94":"1","95":"1","96":"1","97":"1","98":"1"},"jxgz":{"216":"1","217":"1","218":"1","219":"1","220":"1","221":"1","222":"1","223":"1","224":"1","225":"1","226":"1","227":"1","228":"1","229":"1","230":"1","231":"1","232":"1","233":"1"},"fblw":{"89":"1","90":"1","91":"1","92":"1","93":"1","94":"1","95":"1","96":"1","97":"1","98":"1"},"zzl":{"30":"1"},"kyxm":{"127":"1","128":"1","129":"1","130":"1","131":"1"},"jgxm":{"38":"1","230":"1","231":"1","232":"1","233":"1","234":"1","235":"1"},"ksqk":{"18":"1"},"kyhj":{"30":"1"},"fmzl":{"29":"1"},"jc":{"36":"0"}}

时 间:2014 09 18 11:03:50
i  p:127.0.0.1
浏览器:Mozilla/5.0 (Windows NT 6.1; WOW64) AppleWebKit/537.36 (KHTML, like Gecko) Chrome/37.0.2062.120 Safari/537.36
用户名:dzsyzx
操  作:审核
状  态:{"user":{"id":"13","name":"1","sex":"1","csny":"1","zplj":"1","mz":"1","jg":"1","pwhsp":"1","hscjdp":"1","jkzk":"1","zwhsj":"1","xl":"1","npzw":"2","cjgzsj":"1","sfzh":"1","zyzc":"1","xsttzw":"1","dzzw":"1","shjz":"1","xkz":"1","xk":"1","grzj":"1","zdyjs":"1","zdjs":"1","sysgx":"1","wycd":"1","jsjsp":"1","jxrwzs":"1","jxggzs":"1","lwzzzs":"1","kyhjzs":"1","hjzs":"1"},"xw":{"42":"2","43":"2","44":"1"},"jx":{"29":"2","30":"1"},"jf":{"51":"1","52":"1","53":"1","231":"1"},"xl":{"94":"1","95":"1","96":"1","97":"1","98":"1"},"jxgz":{"216":"1","217":"1","218":"1","219":"1","220":"1","221":"1","222":"1","223":"1","224":"1","225":"1","226":"1","227":"1","228":"1","229":"1","230":"1","231":"1","232":"1","233":"1"},"fblw":{"89":"1","90":"1","91":"1","92":"1","93":"1","94":"1","95":"1","96":"1","97":"1","98":"1"},"zzl":{"30":"1"},"kyxm":{"127":"1","128":"1","129":"1","130":"1","131":"1"},"jgxm":{"38":"1","230":"1","231":"1","232":"1","233":"1","234":"1","235":"1"},"ksqk":{"18":"1"},"kyhj":{"30":"1"},"fmzl":{"29":"1"},"jc":{"36":"0"}}

时 间:2014 09 18 11:06:10
i  p:127.0.0.1
浏览器:Mozilla/5.0 (Windows NT 6.1; WOW64) AppleWebKit/537.36 (KHTML, like Gecko) Chrome/37.0.2062.120 Safari/537.36
用户名:dzsyzx
操  作:审核
状  态:{"user":{"id":"13","name":"1","sex":"1","csny":"1","zplj":"1","mz":"1","jg":"1","pwhsp":"1","hscjdp":"1","jkzk":"1","zwhsj":"1","xl":"1","npzw":"2","cjgzsj":"1","sfzh":"1","zyzc":"1","xsttzw":"1","dzzw":"1","shjz":"1","xkz":"1","xk":"1","grzj":"2","zdyjs":"1","zdjs":"1","sysgx":"1","wycd":"1","jsjsp":"1","jxrwzs":"1","jxggzs":"1","lwzzzs":"1","kyhjzs":"1","hjzs":"1"},"xw":{"42":"2","43":"2","44":"1"},"jx":{"29":"2","30":"1"},"jf":{"51":"1","52":"1","53":"1","231":"1"},"xl":{"94":"1","95":"1","96":"1","97":"1","98":"1"},"jxgz":{"216":"1","217":"1","218":"1","219":"1","220":"1","221":"1","222":"1","223":"1","224":"1","225":"1","226":"1","227":"1","228":"1","229":"1","230":"1","231":"1","232":"1","233":"1"},"fblw":{"89":"1","90":"1","91":"1","92":"1","93":"1","94":"1","95":"1","96":"1","97":"1","98":"1"},"zzl":{"30":"1"},"kyxm":{"127":"1","128":"1","129":"1","130":"1","131":"1"},"jgxm":{"38":"1","230":"1","231":"1","232":"1","233":"1","234":"1","235":"1"},"ksqk":{"18":"1"},"kyhj":{"30":"1"},"fmzl":{"29":"1"},"jc":{"36":"1"}}
