
时 间:2014 09 22 16:16:45
i  p:127.0.0.1
浏览器:Mozilla/5.0 (Windows NT 6.1; WOW64) AppleWebKit/537.36 (KHTML, like Gecko) Chrome/37.0.2062.120 Safari/537.36
用户名:rjgcxy
操  作:审核
状  态:{"user":{"uid":"Array","name":"0","sex":"0","csny":"0","zplj":"0","mz":"0","jg":"0","pwhsp":"0","hscjdp":"0","jkzk":"0","zwhsj":"0","xl":"0","npzw":"0","cjgzsj":"0","sfzh":"0","zyzc":"0","xsttzw":"0","dzzw":"0","shjz":"0","xkz":"0","xk":"0","grzj":"0","zdyjs":"0","zdjs":"0","sysgx":"0","wycd":"0","jsjsp":"0","jxrwzs":"0","jxggzs":"0","lwzzzs":"0","kyhjzs":"0","hjzs":"0"},"xw":{"":null},"jx":{"":null},"jf":{"":null},"xl":{"":"0"},"jxgz":{"":null},"fblw":{"":null},"zzl":{"":null},"kyxm":{"":null},"jgxm":{"":null},"ksqk":{"":null},"kyhj":{"":null},"fmzl":{"":null},"jc":{"":null}}

时 间:2014 09 22 16:16:59
i  p:127.0.0.1
浏览器:Mozilla/5.0 (Windows NT 6.1; WOW64) AppleWebKit/537.36 (KHTML, like Gecko) Chrome/37.0.2062.120 Safari/537.36
用户名:rjgcxy
操  作:审核
状  态:{"user":{"uid":"Array","name":"0","sex":"0","csny":"0","zplj":"0","mz":"0","jg":"0","pwhsp":"0","hscjdp":"0","jkzk":"0","zwhsj":"0","xl":"0","npzw":"0","cjgzsj":"0","sfzh":"0","zyzc":"0","xsttzw":"0","dzzw":"0","shjz":"0","xkz":"0","xk":"0","grzj":"0","zdyjs":"0","zdjs":"0","sysgx":"0","wycd":"0","jsjsp":"0","jxrwzs":"0","jxggzs":"0","lwzzzs":"0","kyhjzs":"0","hjzs":"0"},"xw":{"":null},"jx":{"":null},"jf":{"":null},"xl":{"":"0"},"jxgz":{"":null},"fblw":{"":null},"zzl":{"":null},"kyxm":{"":null},"jgxm":{"":null},"ksqk":{"":null},"kyhj":{"":null},"fmzl":{"":null},"jc":{"":null}}

时 间:2014 09 22 16:17:15
i  p:127.0.0.1
浏览器:Mozilla/5.0 (Windows NT 6.1; WOW64) AppleWebKit/537.36 (KHTML, like Gecko) Chrome/37.0.2062.120 Safari/537.36
用户名:rjgcxy
操  作:审核
状  态:{"user":{"uid":"Array","name":"1","sex":"1","csny":"1","zplj":"1","mz":"1","jg":"1","pwhsp":"1","hscjdp":"1","jkzk":"1","zwhsj":"1","xl":"1","npzw":"1","cjgzsj":"1","sfzh":"1","zyzc":"1","xsttzw":"1","dzzw":"1","shjz":"1","xkz":"1","xk":"1","grzj":"1","zdyjs":"1","zdjs":"1","sysgx":"1","wycd":"1","jsjsp":"1","jxrwzs":"1","jxggzs":"1","lwzzzs":"1","kyhjzs":"1","hjzs":"1"},"xw":{"":null},"jx":{"":null},"jf":{"":null},"xl":{"":"1"},"jxgz":{"":null},"fblw":{"":null},"zzl":{"":null},"kyxm":{"":null},"jgxm":{"":null},"ksqk":{"":null},"kyhj":{"":null},"fmzl":{"":null},"jc":{"":null}}

时 间:2014 09 22 16:22:29
i  p:127.0.0.1
浏览器:Mozilla/5.0 (Windows NT 6.1; WOW64) AppleWebKit/537.36 (KHTML, like Gecko) Chrome/37.0.2062.120 Safari/537.36
用户名:rjgcxy
操  作:审核
状  态:{"user":{"uid":"Array","name":"0","sex":"0","csny":"0","zplj":"0","mz":"0","jg":"0","pwhsp":"0","hscjdp":"0","jkzk":"0","zwhsj":"0","xl":"0","npzw":"0","cjgzsj":"0","sfzh":"0","zyzc":"0","xsttzw":"0","dzzw":"0","shjz":"0","xkz":"0","xk":"0","grzj":"0","zdyjs":"0","zdjs":"0","sysgx":"0","wycd":"0","jsjsp":"0","jxrwzs":"0","jxggzs":"0","lwzzzs":"0","kyhjzs":"0","hjzs":"0"},"xw":{"":null},"jx":{"":null},"jf":{"":null},"xl":{"":"0"},"jxgz":{"":null},"fblw":{"":null},"zzl":{"":null},"kyxm":{"":null},"jgxm":{"":null},"ksqk":{"":null},"kyhj":{"":null},"fmzl":{"":null},"jc":{"":null}}

时 间:2014 09 22 16:29:05
i  p:127.0.0.1
浏览器:Mozilla/5.0 (Windows NT 6.1; WOW64) AppleWebKit/537.36 (KHTML, like Gecko) Chrome/37.0.2062.120 Safari/537.36
用户名:rjgcxy
操  作:审核
状  态:{"user":{"uid":"Array","name":"0","sex":"0","csny":"0","zplj":"0","mz":"0","jg":"0","pwhsp":"0","hscjdp":"0","jkzk":"0","zwhsj":"0","xl":"0","npzw":"0","cjgzsj":"0","sfzh":"0","zyzc":"0","xsttzw":"0","dzzw":"0","shjz":"0","xkz":"0","xk":"0","grzj":"0","zdyjs":"0","zdjs":"0","sysgx":"0","wycd":"0","jsjsp":"0","jxrwzs":"0","jxggzs":"0","lwzzzs":"0","kyhjzs":"0","hjzs":"0"},"xw":{"":null},"jx":{"":null},"jf":{"":null},"xl":{"":"0"},"jxgz":{"":null},"fblw":{"":null},"zzl":{"":null},"kyxm":{"":null},"jgxm":{"":null},"ksqk":{"":null},"kyhj":{"":null},"fmzl":{"":null},"jc":{"":null}}

时 间:2014 09 22 16:29:30
i  p:127.0.0.1
浏览器:Mozilla/5.0 (Windows NT 6.1; WOW64) AppleWebKit/537.36 (KHTML, like Gecko) Chrome/37.0.2062.120 Safari/537.36
用户名:rjgcxy
操  作:审核
状  态:{"user":{"uid":"Array","name":"0","sex":"0","csny":"0","zplj":"0","mz":"0","jg":"0","pwhsp":"0","hscjdp":"0","jkzk":"0","zwhsj":"0","xl":"0","npzw":"0","cjgzsj":"0","sfzh":"0","zyzc":"0","xsttzw":"0","dzzw":"0","shjz":"0","xkz":"0","xk":"0","grzj":"0","zdyjs":"0","zdjs":"0","sysgx":"0","wycd":"0","jsjsp":"0","jxrwzs":"0","jxggzs":"0","lwzzzs":"0","kyhjzs":"0","hjzs":"0"},"xw":{"":null},"jx":{"":null},"jf":{"":null},"xl":{"":"0"},"jxgz":{"":null},"fblw":{"":null},"zzl":{"":null},"kyxm":{"":null},"jgxm":{"":null},"ksqk":{"":null},"kyhj":{"":null},"fmzl":{"":null},"jc":{"":null}}

时 间:2014 09 22 16:29:46
i  p:127.0.0.1
浏览器:Mozilla/5.0 (Windows NT 6.1; WOW64) AppleWebKit/537.36 (KHTML, like Gecko) Chrome/37.0.2062.120 Safari/537.36
用户名:rjgcxy
操  作:审核
状  态:{"user":{"uid":"Array","name":"0","sex":"0","csny":"0","zplj":"0","mz":"0","jg":"0","pwhsp":"0","hscjdp":"0","jkzk":"0","zwhsj":"0","xl":"0","npzw":"0","cjgzsj":"0","sfzh":"0","zyzc":"0","xsttzw":"0","dzzw":"0","shjz":"0","xkz":"0","xk":"0","grzj":"0","zdyjs":"0","zdjs":"0","sysgx":"0","wycd":"0","jsjsp":"0","jxrwzs":"0","jxggzs":"0","lwzzzs":"0","kyhjzs":"0","hjzs":"0"},"xw":{"":null},"jx":{"":null},"jf":{"":null},"xl":{"":"0"},"jxgz":{"":null},"fblw":{"":null},"zzl":{"":null},"kyxm":{"":null},"jgxm":{"":null},"ksqk":{"":null},"kyhj":{"":null},"fmzl":{"":null},"jc":{"":null}}

时 间:2014 09 22 16:34:47
i  p:127.0.0.1
浏览器:Mozilla/5.0 (Windows NT 6.1; WOW64) AppleWebKit/537.36 (KHTML, like Gecko) Chrome/37.0.2062.120 Safari/537.36
用户名:rjgcxy
操  作:审核
状  态:{"user":{"uid":"Array","name":"0","sex":"0","csny":"0","zplj":"0","mz":"0","jg":"0","pwhsp":"0","hscjdp":"0","jkzk":"0","zwhsj":"0","xl":"0","npzw":"0","cjgzsj":"0","sfzh":"0","zyzc":"0","xsttzw":"0","dzzw":"0","shjz":"0","xkz":"0","xk":"0","grzj":"0","zdyjs":"0","zdjs":"0","sysgx":"0","wycd":"0","jsjsp":"0","jxrwzs":"0","jxggzs":"0","lwzzzs":"0","kyhjzs":"0","hjzs":"0"},"xw":{"":null},"jx":{"":null},"jf":{"":null},"xl":{"":"0"},"jxgz":{"":null},"fblw":{"":null},"zzl":{"":null},"kyxm":{"":null},"jgxm":{"":null},"ksqk":{"":null},"kyhj":{"":null},"fmzl":{"":null},"jc":{"":null}}

时 间:2014 09 22 16:35:07
i  p:127.0.0.1
浏览器:Mozilla/5.0 (Windows NT 6.1; WOW64) AppleWebKit/537.36 (KHTML, like Gecko) Chrome/37.0.2062.120 Safari/537.36
用户名:rjgcxy
操  作:审核
状  态:{"user":{"uid":"Array","name":"0","sex":"0","csny":"0","zplj":"0","mz":"0","jg":"0","pwhsp":"0","hscjdp":"0","jkzk":"0","zwhsj":"0","xl":"0","npzw":"0","cjgzsj":"0","sfzh":"0","zyzc":"0","xsttzw":"0","dzzw":"0","shjz":"0","xkz":"0","xk":"0","grzj":"0","zdyjs":"0","zdjs":"0","sysgx":"0","wycd":"0","jsjsp":"0","jxrwzs":"0","jxggzs":"0","lwzzzs":"0","kyhjzs":"0","hjzs":"0"},"xw":{"":null},"jx":{"":null},"jf":{"":null},"xl":{"":"0"},"jxgz":{"":null},"fblw":{"":null},"zzl":{"":null},"kyxm":{"":null},"jgxm":{"":null},"ksqk":{"":null},"kyhj":{"":null},"fmzl":{"":null},"jc":{"":null}}

时 间:2014 09 22 16:43:55
i  p:127.0.0.1
浏览器:Mozilla/5.0 (Windows NT 6.1; WOW64) AppleWebKit/537.36 (KHTML, like Gecko) Chrome/37.0.2062.120 Safari/537.36
用户名:rjgcxy
操  作:审核
状  态:{"user":{"uid":"Array","name":"0","sex":"0","csny":"0","zplj":"0","mz":"0","jg":"0","pwhsp":"0","hscjdp":"0","jkzk":"0","zwhsj":"0","xl":"0","npzw":"0","cjgzsj":"0","sfzh":"0","zyzc":"0","xsttzw":"0","dzzw":"0","shjz":"0","xkz":"0","xk":"0","grzj":"0","zdyjs":"0","zdjs":"0","sysgx":"0","wycd":"0","jsjsp":"0","jxrwzs":"0","jxggzs":"0","lwzzzs":"0","kyhjzs":"0","hjzs":"0"},"xw":{"":null},"jx":{"":null},"jf":{"":null},"xl":{"":"0"},"jxgz":{"":null},"fblw":{"":null},"zzl":{"":null},"kyxm":{"":null},"jgxm":{"":null},"ksqk":{"":null},"kyhj":{"":null},"fmzl":{"":null},"jc":{"":null}}

时 间:2014 09 22 16:44:11
i  p:127.0.0.1
浏览器:Mozilla/5.0 (Windows NT 6.1; WOW64) AppleWebKit/537.36 (KHTML, like Gecko) Chrome/37.0.2062.120 Safari/537.36
用户名:rjgcxy
操  作:审核
状  态:{"user":{"uid":"Array","name":"0","sex":"0","csny":"0","zplj":"0","mz":"0","jg":"0","pwhsp":"0","hscjdp":"0","jkzk":"0","zwhsj":"0","xl":"0","npzw":"0","cjgzsj":"0","sfzh":"0","zyzc":"0","xsttzw":"0","dzzw":"0","shjz":"0","xkz":"0","xk":"0","grzj":"0","zdyjs":"0","zdjs":"0","sysgx":"0","wycd":"0","jsjsp":"0","jxrwzs":"0","jxggzs":"0","lwzzzs":"0","kyhjzs":"0","hjzs":"0"},"xw":{"":null},"jx":{"":null},"jf":{"":null},"xl":{"":"0"},"jxgz":{"":null},"fblw":{"":null},"zzl":{"":null},"kyxm":{"":null},"jgxm":{"":null},"ksqk":{"":null},"kyhj":{"":null},"fmzl":{"":null},"jc":{"":null}}

时 间:2014 09 22 16:52:17
i  p:127.0.0.1
浏览器:Mozilla/5.0 (Windows NT 6.1; WOW64) AppleWebKit/537.36 (KHTML, like Gecko) Chrome/37.0.2062.120 Safari/537.36
用户名:rjgcxy
操  作:审核
状  态:{"user":{"id":"64","name":"0","sex":"0","csny":"0","zplj":"0","mz":"0","jg":"0","pwhsp":"0","hscjdp":"0","jkzk":"0","zwhsj":"0","xl":"0","npzw":"0","cjgzsj":"0","sfzh":"0","zyzc":"0","xsttzw":"0","dzzw":"0","shjz":"0","xkz":"0","xk":"0","grzj":"0","zdyjs":"0","zdjs":"0","sysgx":"0","wycd":"0","jsjsp":"0","jxrwzs":"0","jxggzs":"0","lwzzzs":"0","kyhjzs":"0","hjzs":"0"},"xw":{"123":"0","125":"0"},"jx":{"80":"0","81":"0","82":"0"},"jf":{"155":"0","156":"0","157":"0","158":"0","159":"0"},"xl":{"259":"0","263":"0","265":"0","266":"0","268":"0","269":"0","271":"0"},"jxgz":{"707":"0","708":"0","709":"0","710":"0","711":"0","712":"0","714":"0","715":"0","716":"0","717":"0","718":"0","719":"0","720":"0","722":"0","723":"0","724":"0","726":"0","727":"0","728":"0","729":"0","731":"0","732":"0","734":"0","735":"0","736":"0","737":"0","739":"0","740":"0"},"fblw":{"443":"0","445":"0","451":"0","452":"0","453":"0","454":"0","455":"0","456":"0","457":"0"},"zzl":{"84":"0"},"kyxm":{"372":"0","373":"0","374":"0","376":"0","378":"0","379":"0","380":"0","381":"0"},"jgxm":{"145":"0","146":"0","149":"0"},"ksqk":{"54":"0"},"kyhj":{"66":"0","67":"0"},"fmzl":{"64":"0","65":"0","66":"0","67":"0","69":"0","70":"0","71":"0"},"jc":{"77":"0"}}

时 间:2014 09 22 17:01:11
i  p:127.0.0.1
浏览器:Mozilla/5.0 (Windows NT 6.1; WOW64) AppleWebKit/537.36 (KHTML, like Gecko) Chrome/37.0.2062.120 Safari/537.36
用户名:rjgcxy
操  作:审核
状  态:{"user":{"id":"64","name":"1","sex":"1","csny":"1","zplj":"1","mz":"1","jg":"1","pwhsp":"1","hscjdp":"1","jkzk":"1","zwhsj":"1","xl":"1","npzw":"1","cjgzsj":"1","sfzh":"1","zyzc":"1","xsttzw":"1","dzzw":"1","shjz":"1","xkz":"1","xk":"1","grzj":"1","zdyjs":"1","zdjs":"1","sysgx":"1","wycd":"1","jsjsp":"1","jxrwzs":"1","jxggzs":"1","lwzzzs":"1","kyhjzs":"1","hjzs":"1"},"xw":{"123":"1","125":"1"},"jx":{"80":"1","81":"1","82":"1"},"jf":{"155":"1","156":"1","157":"1","158":"1","159":"1"},"xl":{"259":"1","263":"1","265":"1","266":"1","268":"1","269":"1","271":"1"},"jxgz":{"707":"1","708":"1","709":"1","710":"1","711":"1","712":"1","714":"1","715":"1","716":"1","717":"1","718":"1","719":"1","720":"1","722":"1","723":"1","724":"1","726":"1","727":"1","728":"1","729":"1","731":"1","732":"1","734":"1","735":"1","736":"1","737":"1","739":"1","740":"1"},"fblw":{"443":"1","445":"1","451":"1","452":"1","453":"1","454":"1","455":"1","456":"1","457":"1"},"zzl":{"84":"1"},"kyxm":{"372":"1","373":"1","374":"1","376":"1","378":"1","379":"1","380":"1","381":"1"},"jgxm":{"145":"1","146":"1","149":"1"},"ksqk":{"54":"1"},"kyhj":{"66":"1","67":"1"},"fmzl":{"64":"1","65":"1","66":"1","67":"1","69":"1","70":"1","71":"1"},"jc":{"77":"1"}}

时 间:2014 09 22 17:01:19
i  p:127.0.0.1
浏览器:Mozilla/5.0 (Windows NT 6.1; WOW64) AppleWebKit/537.36 (KHTML, like Gecko) Chrome/37.0.2062.120 Safari/537.36
用户名:rjgcxy
操  作:审核
状  态:{"user":{"id":"64","name":"0","sex":"0","csny":"0","zplj":"0","mz":"0","jg":"0","pwhsp":"0","hscjdp":"0","jkzk":"0","zwhsj":"0","xl":"0","npzw":"0","cjgzsj":"0","sfzh":"0","zyzc":"0","xsttzw":"0","dzzw":"0","shjz":"0","xkz":"0","xk":"0","grzj":"0","zdyjs":"0","zdjs":"0","sysgx":"0","wycd":"0","jsjsp":"0","jxrwzs":"0","jxggzs":"0","lwzzzs":"0","kyhjzs":"0","hjzs":"0"},"xw":{"123":"0","125":"0"},"jx":{"80":"0","81":"0","82":"0"},"jf":{"155":"0","156":"0","157":"0","158":"0","159":"0"},"xl":{"259":"0","263":"0","265":"0","266":"0","268":"0","269":"0","271":"0"},"jxgz":{"707":"0","708":"0","709":"0","710":"0","711":"0","712":"0","714":"0","715":"0","716":"0","717":"0","718":"0","719":"0","720":"0","722":"0","723":"0","724":"0","726":"0","727":"0","728":"0","729":"0","731":"0","732":"0","734":"0","735":"0","736":"0","737":"0","739":"0","740":"0"},"fblw":{"443":"0","445":"0","451":"0","452":"0","453":"0","454":"0","455":"0","456":"0","457":"0"},"zzl":{"84":"0"},"kyxm":{"372":"0","373":"0","374":"0","376":"0","378":"0","379":"0","380":"0","381":"0"},"jgxm":{"145":"0","146":"0","149":"0"},"ksqk":{"54":"0"},"kyhj":{"66":"0","67":"0"},"fmzl":{"64":"0","65":"0","66":"0","67":"0","69":"0","70":"0","71":"0"},"jc":{"77":"0"}}

时 间:2014 09 22 17:01:26
i  p:127.0.0.1
浏览器:Mozilla/5.0 (Windows NT 6.1; WOW64) AppleWebKit/537.36 (KHTML, like Gecko) Chrome/37.0.2062.120 Safari/537.36
用户名:rjgcxy
操  作:审核
状  态:{"user":{"id":"64","name":"1","sex":"1","csny":"1","zplj":"1","mz":"1","jg":"1","pwhsp":"1","hscjdp":"1","jkzk":"1","zwhsj":"1","xl":"1","npzw":"1","cjgzsj":"1","sfzh":"1","zyzc":"1","xsttzw":"1","dzzw":"1","shjz":"1","xkz":"1","xk":"1","grzj":"1","zdyjs":"1","zdjs":"1","sysgx":"1","wycd":"1","jsjsp":"1","jxrwzs":"1","jxggzs":"1","lwzzzs":"1","kyhjzs":"1","hjzs":"1"},"xw":{"123":"1","125":"1"},"jx":{"80":"1","81":"1","82":"1"},"jf":{"155":"1","156":"1","157":"1","158":"1","159":"1"},"xl":{"259":"1","263":"1","265":"1","266":"1","268":"1","269":"1","271":"1"},"jxgz":{"707":"1","708":"1","709":"1","710":"1","711":"1","712":"1","714":"1","715":"1","716":"1","717":"1","718":"1","719":"1","720":"1","722":"1","723":"1","724":"1","726":"1","727":"1","728":"1","729":"1","731":"1","732":"1","734":"1","735":"1","736":"1","737":"1","739":"1","740":"1"},"fblw":{"443":"1","445":"1","451":"1","452":"1","453":"1","454":"1","455":"1","456":"1","457":"1"},"zzl":{"84":"1"},"kyxm":{"372":"1","373":"1","374":"1","376":"1","378":"1","379":"1","380":"1","381":"1"},"jgxm":{"145":"1","146":"1","149":"1"},"ksqk":{"54":"1"},"kyhj":{"66":"1","67":"1"},"fmzl":{"64":"1","65":"1","66":"1","67":"1","69":"1","70":"1","71":"1"},"jc":{"77":"1"}}

时 间:2014 09 25 15:20:53
i  p:127.0.0.1
浏览器:Mozilla/5.0 (Windows NT 6.1; WOW64) AppleWebKit/537.36 (KHTML, like Gecko) Chrome/37.0.2062.124 Safari/537.36
用户名:rjgcxy
操  作:审核
状  态:{"user":{"id":"63","name":"0","sex":"0","csny":"0","zplj":"0","mz":"0","jg":"0","pwhsp":"0","hscjdp":"0","jkzk":"0","zwhsj":"0","xl":"0","npzw":"0","cjgzsj":"0","sfzh":"0","zyzc":"0","xsttzw":"0","dzzw":"0","shjz":"0","xkz":"0","xk":"0","grzj":"0","zdyjs":"0","zdjs":"0","sysgx":"0","wycd":"0","jsjsp":"0","jxrwzs":"0","jxggzs":"0","lwzzzs":"0","kyhjzs":"0","hjzs":"0"},"xw":{"143":"0","144":"0","145":"0"},"jx":{"92":"0"},"jf":{"192":"0"},"xl":{"311":"0","312":"0","314":"0","315":"0"},"jxgz":{"886":"0","887":"0","888":"0","889":"0","890":"0","891":"0","892":"0","893":"0","894":"0","895":"0","896":"0","897":"0","898":"0"},"fblw":{"580":"0","581":"0","584":"0","587":"0","588":"0","590":"0","592":"0","593":"0","595":"0","597":"0","598":"0"},"zzl":{"98":"0"},"kyxm":{"400":"0","401":"0","402":"0","403":"0","404":"0"},"jgxm":{"185":"0"},"ksqk":{"65":"0"},"kyhj":{"71":"0"},"fmzl":{"76":"0"},"jc":{"80":"0"}}

时 间:2014 09 25 15:22:08
i  p:127.0.0.1
浏览器:Mozilla/5.0 (Windows NT 6.1; WOW64) AppleWebKit/537.36 (KHTML, like Gecko) Chrome/37.0.2062.124 Safari/537.36
用户名:rjgcxy
操  作:审核
状  态:{"user":{"id":"63","name":"1","sex":"1","csny":"1","zplj":"1","mz":"1","jg":"1","pwhsp":"1","hscjdp":"1","jkzk":"1","zwhsj":"1","xl":"1","npzw":"1","cjgzsj":"1","sfzh":"1","zyzc":"1","xsttzw":"1","dzzw":"1","shjz":"1","xkz":"1","xk":"1","grzj":"1","zdyjs":"1","zdjs":"1","sysgx":"1","wycd":"1","jsjsp":"1","jxrwzs":"1","jxggzs":"1","lwzzzs":"1","kyhjzs":"1","hjzs":"1"},"xw":{"143":"1","144":"1","145":"1"},"jx":{"92":"1"},"jf":{"192":"1"},"xl":{"311":"1","312":"1","314":"1","315":"1"},"jxgz":{"886":"1","887":"1","888":"1","889":"1","890":"1","891":"1","892":"1","893":"1","894":"1","895":"1","896":"1","897":"1","898":"1"},"fblw":{"580":"1","581":"1","584":"1","587":"1","588":"1","590":"1","592":"1","593":"1","595":"1","597":"1","598":"1"},"zzl":{"98":"1"},"kyxm":{"400":"1","401":"1","402":"1","403":"1","404":"1"},"jgxm":{"185":"1"},"ksqk":{"65":"1"},"kyhj":{"71":"1"},"fmzl":{"76":"1"},"jc":{"80":"1"}}

时 间:2014 09 25 15:22:45
i  p:127.0.0.1
浏览器:Mozilla/5.0 (Windows NT 6.1; WOW64) AppleWebKit/537.36 (KHTML, like Gecko) Chrome/37.0.2062.124 Safari/537.36
用户名:rjgcxy
操  作:审核
状  态:{"user":{"id":"63","name":"0","sex":"0","csny":"0","zplj":"0","mz":"0","jg":"0","pwhsp":"0","hscjdp":"0","jkzk":"0","zwhsj":"0","xl":"0","npzw":"0","cjgzsj":"0","sfzh":"0","zyzc":"0","xsttzw":"0","dzzw":"0","shjz":"0","xkz":"0","xk":"0","grzj":"0","zdyjs":"0","zdjs":"0","sysgx":"0","wycd":"0","jsjsp":"0","jxrwzs":"0","jxggzs":"0","lwzzzs":"0","kyhjzs":"0","hjzs":"0"},"xw":{"143":"0","144":"0","145":"0"},"jx":{"92":"0"},"jf":{"192":"0"},"xl":{"311":"0","312":"0","314":"0","315":"0"},"jxgz":{"886":"0","887":"0","888":"0","889":"0","890":"0","891":"0","892":"0","893":"0","894":"0","895":"0","896":"0","897":"0","898":"0"},"fblw":{"580":"0","581":"0","584":"0","587":"0","588":"0","590":"0","592":"0","593":"0","595":"0","597":"0","598":"0"},"zzl":{"98":"0"},"kyxm":{"400":"0","401":"0","402":"0","403":"0","404":"0"},"jgxm":{"185":"0"},"ksqk":{"65":"0"},"kyhj":{"71":"0"},"fmzl":{"76":"0"},"jc":{"80":"0"}}

时 间:2014 09 25 15:22:55
i  p:127.0.0.1
浏览器:Mozilla/5.0 (Windows NT 6.1; WOW64) AppleWebKit/537.36 (KHTML, like Gecko) Chrome/37.0.2062.124 Safari/537.36
用户名:rjgcxy
操  作:审核
状  态:{"user":{"id":"63","name":"1","sex":"1","csny":"1","zplj":"1","mz":"1","jg":"1","pwhsp":"1","hscjdp":"1","jkzk":"1","zwhsj":"1","xl":"1","npzw":"1","cjgzsj":"1","sfzh":"1","zyzc":"1","xsttzw":"1","dzzw":"1","shjz":"1","xkz":"1","xk":"1","grzj":"1","zdyjs":"1","zdjs":"1","sysgx":"1","wycd":"1","jsjsp":"1","jxrwzs":"1","jxggzs":"1","lwzzzs":"1","kyhjzs":"1","hjzs":"1"},"xw":{"143":"1","144":"1","145":"1"},"jx":{"92":"1"},"jf":{"192":"1"},"xl":{"311":"1","312":"1","314":"1","315":"1"},"jxgz":{"886":"1","887":"1","888":"1","889":"1","890":"1","891":"1","892":"1","893":"1","894":"1","895":"1","896":"1","897":"1","898":"1"},"fblw":{"580":"1","581":"1","584":"1","587":"1","588":"1","590":"1","592":"1","593":"1","595":"1","597":"1","598":"1"},"zzl":{"98":"1"},"kyxm":{"400":"1","401":"1","402":"1","403":"1","404":"1"},"jgxm":{"185":"1"},"ksqk":{"65":"1"},"kyhj":{"71":"1"},"fmzl":{"76":"1"},"jc":{"80":"1"}}

时 间:2014 09 25 21:42:45
i  p:127.0.0.1
浏览器:Mozilla/5.0 (X11; Linux i686) AppleWebKit/537.36 (KHTML, like Gecko) Chrome/37.0.2062.94 Safari/537.36
用户名:rjgcxy
操  作:审核
状  态:{"user":{"uid":"173","name":"1","sex":"1","csny":"1","zplj":"1","mz":"1","jg":"1","pwhsp":"1","hscjdp":"1","jkzk":"1","zwhsj":"1","xl":"1","npzw":"1","cjgzsj":"1","sfzh":"1","zyzc":"1","xsttzw":"1","dzzw":"1","shjz":"1","xkz":"1","xk":"1","grzj":"1","zdyjs":"1","zdjs":"1","sysgx":"1","wycd":"1","jsjsp":"1","jxrwzs":"1","jxggzs":"1","lwzzzs":"1","kyhjzs":"1","hjzs":"1"},"xw":{"206":"1","207":"1"},"jx":{"127":"1","128":"1"},"jf":{"274":"1","275":"1"},"xl":{"445":"1","446":"1"},"jxgz":{"1251":"1","1252":"1"},"fblw":{"793":"1","794":"1"},"zzl":{"139":"1","140":"1"},"kyxm":{"548":"1","549":"1"},"jgxm":{"259":"1","260":"1"},"ksqk":{"91":"1"},"kyhj":{"106":"1","107":"1"},"fmzl":{"106":"1","107":"1"},"jc":{"111":"1","112":"1"}}

时 间:2014 09 25 21:51:20
i  p:127.0.0.1
浏览器:Mozilla/5.0 (X11; Linux i686) AppleWebKit/537.36 (KHTML, like Gecko) Chrome/37.0.2062.94 Safari/537.36
用户名:rjgcxy
操  作:审核
状  态:{"user":{"id":"83","name":"2","sex":"1","csny":"2","zplj":"1","mz":"1","jg":"2","pwhsp":"1","hscjdp":"1","jkzk":"1","zwhsj":"1","xl":"1","npzw":"1","cjgzsj":"1","sfzh":"1","zyzc":"1","xsttzw":"1","dzzw":"1","shjz":"1","xkz":"1","xk":"1","grzj":"1","zdyjs":"1","zdjs":"1","sysgx":"1","wycd":"1","jsjsp":"1","jxrwzs":"1","jxggzs":"1","lwzzzs":"1","kyhjzs":"1","hjzs":"1"},"xw":{"206":"1","207":"1"},"jx":{"127":"1","128":"1"},"jf":{"274":"1","275":"1"},"xl":{"445":"1","446":"1"},"jxgz":{"1251":"1","1252":"1"},"fblw":{"793":"1","794":"1"},"zzl":{"139":"1","140":"1"},"kyxm":{"548":"1","549":"1"},"jgxm":{"259":"1","260":"1"},"ksqk":{"91":"1"},"kyhj":{"106":"1","107":"1"},"fmzl":{"106":"1","107":"1"},"jc":{"111":"1","112":"1"}}

时 间:2014 09 25 21:53:39
i  p:127.0.0.1
浏览器:Mozilla/5.0 (X11; Linux i686) AppleWebKit/537.36 (KHTML, like Gecko) Chrome/37.0.2062.94 Safari/537.36
用户名:rjgcxy
操  作:审核
状  态:{"user":{"id":"83","name":"2","sex":"1","csny":"2","zplj":"1","mz":"1","jg":"2","pwhsp":"2","hscjdp":"1","jkzk":"1","zwhsj":"1","xl":"2","npzw":"1","cjgzsj":"2","sfzh":"1","zyzc":"2","xsttzw":"2","dzzw":"1","shjz":"1","xkz":"2","xk":"2","grzj":"2","zdyjs":"2","zdjs":"1","sysgx":"1","wycd":"2","jsjsp":"1","jxrwzs":"2","jxggzs":"1","lwzzzs":"1","kyhjzs":"2","hjzs":"1"},"xw":{"206":"1","207":"1"},"jx":{"127":"1","128":"1"},"jf":{"274":"2","275":"1"},"xl":{"445":"1","446":"2"},"jxgz":{"1251":"1","1252":"2"},"fblw":{"793":"2","794":"1"},"zzl":{"139":"1","140":"2"},"kyxm":{"548":"1","549":"2"},"jgxm":{"259":"2","260":"1"},"ksqk":{"91":"2"},"kyhj":{"106":"2","107":"1"},"fmzl":{"106":"1","107":"2"},"jc":{"111":"2","112":"1"}}

时 间:2014 09 25 21:56:21
i  p:127.0.0.1
浏览器:Mozilla/5.0 (X11; Linux i686) AppleWebKit/537.36 (KHTML, like Gecko) Chrome/37.0.2062.94 Safari/537.36
用户名:rjgcxy
操  作:审核
状  态:{"user":{"id":"83","name":"2","sex":"1","csny":"2","zplj":"1","mz":"1","jg":"2","pwhsp":"2","hscjdp":"1","jkzk":"1","zwhsj":"1","xl":"2","npzw":"1","cjgzsj":"2","sfzh":"1","zyzc":"2","xsttzw":"2","dzzw":"1","shjz":"1","xkz":"2","xk":"2","grzj":"2","zdyjs":"2","zdjs":"1","sysgx":"1","wycd":"2","jsjsp":"1","jxrwzs":"2","jxggzs":"1","lwzzzs":"1","kyhjzs":"2","hjzs":"1"},"xw":{"206":"2","207":"1"},"jx":{"127":"1","128":"2"},"jf":{"274":"2","275":"1"},"xl":{"445":"1","446":"2"},"jxgz":{"1251":"1","1252":"2"},"fblw":{"793":"2","794":"1"},"zzl":{"139":"1","140":"2"},"kyxm":{"548":"1","549":"2"},"jgxm":{"259":"2","260":"1"},"ksqk":{"91":"2"},"kyhj":{"106":"2","107":"1"},"fmzl":{"106":"1","107":"2"},"jc":{"111":"2","112":"1"}}

时 间:2014 09 26 14:32:50
i  p:127.0.0.1
浏览器:Mozilla/5.0 (X11; Linux i686) AppleWebKit/537.36 (KHTML, like Gecko) Chrome/37.0.2062.94 Safari/537.36
用户名:rjgcxy
操  作:审核
状  态:{"user":{"id":"83","name":"2","sex":"0","csny":"0","zplj":"0","mz":"0","jg":"0","pwhsp":"0","hscjdp":"0","jkzk":"0","zwhsj":"0","xl":"0","npzw":"2","cjgzsj":"0","sfzh":"0","zyzc":"0","xsttzw":"0","dzzw":"0","shjz":"0","xkz":"2","xk":"0","grzj":"0","zdyjs":"0","zdjs":"0","sysgx":"0","wycd":"0","jsjsp":"0","jxrwzs":"0","jxggzs":"0","lwzzzs":"0","kyhjzs":"0","hjzs":"0"},"xw":{"206":"0","207":"0"},"jx":{"127":"0","128":"0"},"jf":{"274":"0","275":"0"},"xl":{"445":"0","446":"0"},"jxgz":{"1251":"0","1252":"0"},"fblw":{"793":"0","794":"0"},"zzl":{"139":"0","140":"0"},"kyxm":{"548":"0","549":"0"},"jgxm":{"259":"0","260":"0"},"ksqk":{"91":"0"},"kyhj":{"106":"0","107":"0"},"fmzl":{"106":"0","107":"0"},"jc":{"111":"0","112":"0"}}

时 间:2014 09 26 16:51:52
i  p:127.0.0.1
浏览器:Mozilla/5.0 (X11; Linux i686) AppleWebKit/537.36 (KHTML, like Gecko) Chrome/37.0.2062.94 Safari/537.36
用户名:rjgcxy
操  作:审核
状  态:{"user":{"id":"83","name":"2","sex":"0","csny":"0","zplj":"0","mz":"0","jg":"0","pwhsp":"0","hscjdp":"0","jkzk":"0","zwhsj":"0","xl":"0","npzw":"2","cjgzsj":"0","sfzh":"0","zyzc":"0","xsttzw":"0","dzzw":"0","shjz":"2","xkz":"2","xk":"0","grzj":"0","zdyjs":"0","zdjs":"0","sysgx":"0","wycd":"0","jsjsp":"0","jxrwzs":"0","jxggzs":"0","lwzzzs":"0","kyhjzs":"0","hjzs":"0"},"xw":{"206":"0","207":"0"},"jx":{"127":"0","128":"0"},"jf":{"274":"0","275":"0"},"xl":{"445":"0","446":"0"},"jxgz":{"1251":"0","1252":"0"},"fblw":{"793":"0","794":"0"},"zzl":{"139":"0","140":"0"},"kyxm":{"548":"0","549":"0"},"jgxm":{"259":"0","260":"0"},"ksqk":{"91":"0"},"kyhj":{"106":"0","107":"0"},"fmzl":{"106":"0","107":"0"},"jc":{"111":"0","112":"0"}}

时 间:2015 05 23 23:16:15
i  p:::1
浏览器:Mozilla/5.0 (Windows NT 6.1; WOW64) AppleWebKit/537.36 (KHTML, like Gecko) Chrome/41.0.2272.118 Safari/537.36
用户名:rjgcxy
操  作:审核
状  态:{"user":{"uid":"173","name":"1","sex":"1","csny":"1","zplj":"1","mz":"1","jg":"1","pwhsp":"1","hscjdp":"1","jkzk":"1","zwhsj":"1","xl":"1","npzw":"1","cjgzsj":"1","sfzh":"1","zyzc":"1","xsttzw":"1","dzzw":"1","shjz":"1","xkz":"1","xk":"1","grzj":"1","zdyjs":"1","zdjs":"1","sysgx":"1","wycd":"1","jsjsp":"1","jxrwzs":"1","jxggzs":"1","lwzzzs":"1","kyhjzs":"1","hjzs":"1"},"xw":{"206":"1"},"jx":{"127":"1"},"jf":{"274":"1"},"xl":{"445":"1"},"jxgz":{"1251":"1"},"fblw":{"793":"1"},"zzl":{"139":"1"},"kyxm":{"549":"1"},"jgxm":{"259":"1"},"ksqk":{"91":"1"},"kyhj":{"106":"1"},"fmzl":{"106":"1"},"jc":{"111":"1"}}

时 间:2015 05 23 23:31:49
i  p:::1
浏览器:Mozilla/5.0 (Windows NT 6.1; WOW64) AppleWebKit/537.36 (KHTML, like Gecko) Chrome/41.0.2272.118 Safari/537.36
用户名:rjgcxy
操  作:审核
状  态:{"user":{"id":"80","name":"1","sex":"2","csny":"1","zplj":"1","mz":"1","jg":"1","pwhsp":"1","hscjdp":"1","jkzk":"1","zwhsj":"1","xl":"1","npzw":"1","cjgzsj":"1","sfzh":"1","zyzc":"1","xsttzw":"1","dzzw":"1","shjz":"1","xkz":"1","xk":"1","grzj":"1","zdyjs":"1","zdjs":"1","sysgx":"1","wycd":"1","jsjsp":"1","jxrwzs":"1","jxggzs":"1","lwzzzs":"1","kyhjzs":"1","hjzs":"1"},"xw":{"206":"1"},"jx":{"127":"1"},"jf":{"274":"1"},"xl":{"445":"1"},"jxgz":{"1251":"1"},"fblw":{"793":"1"},"zzl":{"139":"1"},"kyxm":{"549":"1"},"jgxm":{"259":"1"},"ksqk":{"91":"1"},"kyhj":{"106":"1"},"fmzl":{"106":"1"},"jc":{"111":"1"}}

时 间:2015 06 01 21:59:10
i  p:::1
浏览器:Mozilla/5.0 (Windows NT 6.1; WOW64) AppleWebKit/537.36 (KHTML, like Gecko) Chrome/41.0.2272.118 Safari/537.36
用户名:rjgcxy
操  作:审核
状  态:{"user":{"id":"81","name":"1","sex":"1","csny":"1","zplj":"1","mz":"1","jg":"1","pwhsp":"1","hscjdp":"1","jkzk":"1","zwhsj":"1","xl":"1","npzw":"1","cjgzsj":"1","sfzh":"1","zyzc":"1","xsttzw":"1","dzzw":"1","shjz":"1","xkz":"1","xk":"1","grzj":"1","zdyjs":"1","zdjs":"1","sysgx":"1","wycd":"1","jsjsp":"1","jxrwzs":"1","jxggzs":"1","lwzzzs":"1","kyhjzs":"1","hjzs":"1"},"xw":{"207":"1"},"jx":{"128":"1"},"jf":{"275":"1"},"xl":{"446":"1"},"jxgz":{"1252":"1"},"fblw":{"794":"1"},"zzl":{"140":"1"},"kyxm":{"550":"1"},"jgxm":{"260":"1"},"ksqk":{"92":"1"},"kyhj":{"107":"1"},"fmzl":{"107":"1"},"jc":{"112":"1"}}

时 间:2015 06 01 22:01:36
i  p:::1
浏览器:Mozilla/5.0 (Windows NT 6.1; WOW64) AppleWebKit/537.36 (KHTML, like Gecko) Chrome/41.0.2272.118 Safari/537.36
用户名:rjgcxy
操  作:审核
状  态:{"user":{"id":"81","name":"1","sex":"1","csny":"1","zplj":"1","mz":"1","jg":"1","pwhsp":"1","hscjdp":"1","jkzk":"1","zwhsj":"1","xl":"1","npzw":"1","cjgzsj":"1","sfzh":"1","zyzc":"1","xsttzw":"1","dzzw":"1","shjz":"1","xkz":"1","xk":"1","grzj":"1","zdyjs":"1","zdjs":"1","sysgx":"1","wycd":"1","jsjsp":"1","jxrwzs":"1","jxggzs":"1","lwzzzs":"1","kyhjzs":"2","hjzs":"1"},"xw":{"207":"1"},"jx":{"128":"1"},"jf":{"275":"1"},"xl":{"446":"1"},"jxgz":{"1252":"1"},"fblw":{"794":"1"},"zzl":{"140":"1"},"kyxm":{"550":"1"},"jgxm":{"260":"1"},"ksqk":{"92":"1"},"kyhj":{"107":"1"},"fmzl":{"107":"1"},"jc":{"112":"1"}}

时 间:2015 06 01 22:33:57
i  p:::1
浏览器:Mozilla/5.0 (Windows NT 6.1; WOW64) AppleWebKit/537.36 (KHTML, like Gecko) Chrome/41.0.2272.118 Safari/537.36
用户名:rjgcxy
操  作:审核
状  态:

时 间:2015 06 01 22:36:01
i  p:::1
浏览器:Mozilla/5.0 (Windows NT 6.1; WOW64) AppleWebKit/537.36 (KHTML, like Gecko) Chrome/41.0.2272.118 Safari/537.36
用户名:rjgcxy
操  作:审核
状  态:
