[ 2015-03-17T19:52:49+08:00 ] 0.0.0.0 /PDM/
INFO: [ app_begin ] --START--
INFO: ReadHtmlCache Behavior ::run [ RunTime:0.101006s ]
INFO: [ app_begin ] --END-- [ RunTime:0.101006s ]
NOTIC: [2048] Declaration of IndexAction::error() should be compatible with Action::error($message = '', $jumpUrl = '', $ajax = false) E:\xampp\htdocs\PDM\Home\Lib\Action\IndexAction.class.php ç¬¬ 57 è¡Œ.
INFO: [ view_parse ] --START--
NOTIC: [8192] preg_replace(): The /e modifier is deprecated, use preg_replace_callback instead E:\xampp\htdocs\PDM\ThinkPHP\Lib\Template\ThinkTemplate.class.php ç¬¬ 273 è¡Œ.
NOTIC: [8192] preg_replace(): The /e modifier is deprecated, use preg_replace_callback instead E:\xampp\htdocs\PDM\ThinkPHP\Lib\Template\ThinkTemplate.class.php ç¬¬ 273 è¡Œ.
NOTIC: [8192] preg_replace(): The /e modifier is deprecated, use preg_replace_callback instead E:\xampp\htdocs\PDM\ThinkPHP\Lib\Template\ThinkTemplate.class.php ç¬¬ 273 è¡Œ.
NOTIC: [8192] preg_replace(): The /e modifier is deprecated, use preg_replace_callback instead E:\xampp\htdocs\PDM\ThinkPHP\Lib\Template\ThinkTemplate.class.php ç¬¬ 168 è¡Œ.
NOTIC: [8192] preg_replace(): The /e modifier is deprecated, use preg_replace_callback instead E:\xampp\htdocs\PDM\ThinkPHP\Lib\Template\ThinkTemplate.class.php ç¬¬ 404 è¡Œ.
NOTIC: [8192] preg_replace(): The /e modifier is deprecated, use preg_replace_callback instead E:\xampp\htdocs\PDM\ThinkPHP\Lib\Template\ThinkTemplate.class.php ç¬¬ 404 è¡Œ.
NOTIC: [8192] preg_replace(): The /e modifier is deprecated, use preg_replace_callback instead E:\xampp\htdocs\PDM\ThinkPHP\Lib\Template\ThinkTemplate.class.php ç¬¬ 404 è¡Œ.
NOTIC: [8192] preg_replace(): The /e modifier is deprecated, use preg_replace_callback instead E:\xampp\htdocs\PDM\ThinkPHP\Lib\Template\ThinkTemplate.class.php ç¬¬ 404 è¡Œ.
NOTIC: [8192] preg_replace(): The /e modifier is deprecated, use preg_replace_callback instead E:\xampp\htdocs\PDM\ThinkPHP\Lib\Template\ThinkTemplate.class.php ç¬¬ 404 è¡Œ.
NOTIC: [8192] preg_replace(): The /e modifier is deprecated, use preg_replace_callback instead E:\xampp\htdocs\PDM\ThinkPHP\Lib\Template\ThinkTemplate.class.php ç¬¬ 404 è¡Œ.
NOTIC: [8192] preg_replace(): The /e modifier is deprecated, use preg_replace_callback instead E:\xampp\htdocs\PDM\ThinkPHP\Lib\Template\ThinkTemplate.class.php ç¬¬ 404 è¡Œ.
NOTIC: [8192] preg_replace(): The /e modifier is deprecated, use preg_replace_callback instead E:\xampp\htdocs\PDM\ThinkPHP\Lib\Template\ThinkTemplate.class.php ç¬¬ 404 è¡Œ.
NOTIC: [8192] preg_replace(): The /e modifier is deprecated, use preg_replace_callback instead E:\xampp\htdocs\PDM\ThinkPHP\Lib\Template\ThinkTemplate.class.php ç¬¬ 404 è¡Œ.
NOTIC: [8192] preg_replace(): The /e modifier is deprecated, use preg_replace_callback instead E:\xampp\htdocs\PDM\ThinkPHP\Lib\Template\ThinkTemplate.class.php ç¬¬ 404 è¡Œ.
NOTIC: [8192] preg_replace(): The /e modifier is deprecated, use preg_replace_callback instead E:\xampp\htdocs\PDM\ThinkPHP\Lib\Template\ThinkTemplate.class.php ç¬¬ 404 è¡Œ.
NOTIC: [8192] preg_replace(): The /e modifier is deprecated, use preg_replace_callback instead E:\xampp\htdocs\PDM\ThinkPHP\Lib\Template\ThinkTemplate.class.php ç¬¬ 404 è¡Œ.
NOTIC: [8192] preg_replace(): The /e modifier is deprecated, use preg_replace_callback instead E:\xampp\htdocs\PDM\ThinkPHP\Lib\Template\ThinkTemplate.class.php ç¬¬ 399 è¡Œ.
NOTIC: [8192] preg_replace(): The /e modifier is deprecated, use preg_replace_callback instead E:\xampp\htdocs\PDM\ThinkPHP\Lib\Template\ThinkTemplate.class.php ç¬¬ 399 è¡Œ.
NOTIC: [8192] preg_replace(): The /e modifier is deprecated, use preg_replace_callback instead E:\xampp\htdocs\PDM\ThinkPHP\Lib\Template\ThinkTemplate.class.php ç¬¬ 404 è¡Œ.
NOTIC: [8192] preg_replace(): The /e modifier is deprecated, use preg_replace_callback instead E:\xampp\htdocs\PDM\ThinkPHP\Lib\Template\ThinkTemplate.class.php ç¬¬ 404 è¡Œ.
NOTIC: [8192] preg_replace(): The /e modifier is deprecated, use preg_replace_callback instead E:\xampp\htdocs\PDM\ThinkPHP\Lib\Template\ThinkTemplate.class.php ç¬¬ 404 è¡Œ.
NOTIC: [8192] preg_replace(): The /e modifier is deprecated, use preg_replace_callback instead E:\xampp\htdocs\PDM\ThinkPHP\Lib\Template\ThinkTemplate.class.php ç¬¬ 399 è¡Œ.
NOTIC: [8192] preg_replace(): The /e modifier is deprecated, use preg_replace_callback instead E:\xampp\htdocs\PDM\ThinkPHP\Lib\Template\ThinkTemplate.class.php ç¬¬ 404 è¡Œ.
NOTIC: [8192] preg_replace(): The /e modifier is deprecated, use preg_replace_callback instead E:\xampp\htdocs\PDM\ThinkPHP\Lib\Template\ThinkTemplate.class.php ç¬¬ 404 è¡Œ.
NOTIC: [8192] preg_replace(): The /e modifier is deprecated, use preg_replace_callback instead E:\xampp\htdocs\PDM\ThinkPHP\Lib\Template\ThinkTemplate.class.php ç¬¬ 404 è¡Œ.
NOTIC: [8192] preg_replace(): The /e modifier is deprecated, use preg_replace_callback instead E:\xampp\htdocs\PDM\ThinkPHP\Lib\Template\ThinkTemplate.class.php ç¬¬ 404 è¡Œ.
NOTIC: [8192] preg_replace(): The /e modifier is deprecated, use preg_replace_callback instead E:\xampp\htdocs\PDM\ThinkPHP\Lib\Template\ThinkTemplate.class.php ç¬¬ 404 è¡Œ.
NOTIC: [8192] preg_replace(): The /e modifier is deprecated, use preg_replace_callback instead E:\xampp\htdocs\PDM\ThinkPHP\Lib\Template\ThinkTemplate.class.php ç¬¬ 404 è¡Œ.
NOTIC: [8192] preg_replace(): The /e modifier is deprecated, use preg_replace_callback instead E:\xampp\htdocs\PDM\ThinkPHP\Lib\Template\ThinkTemplate.class.php ç¬¬ 404 è¡Œ.
NOTIC: [8192] preg_replace(): The /e modifier is deprecated, use preg_replace_callback instead E:\xampp\htdocs\PDM\ThinkPHP\Lib\Template\ThinkTemplate.class.php ç¬¬ 404 è¡Œ.
NOTIC: [8192] preg_replace(): The /e modifier is deprecated, use preg_replace_callback instead E:\xampp\htdocs\PDM\ThinkPHP\Lib\Template\ThinkTemplate.class.php ç¬¬ 404 è¡Œ.
NOTIC: [8192] preg_replace(): The /e modifier is deprecated, use preg_replace_callback instead E:\xampp\htdocs\PDM\ThinkPHP\Lib\Template\ThinkTemplate.class.php ç¬¬ 404 è¡Œ.
NOTIC: [8192] preg_replace(): The /e modifier is deprecated, use preg_replace_callback instead E:\xampp\htdocs\PDM\ThinkPHP\Lib\Template\ThinkTemplate.class.php ç¬¬ 404 è¡Œ.
NOTIC: [8192] preg_replace(): The /e modifier is deprecated, use preg_replace_callback instead E:\xampp\htdocs\PDM\ThinkPHP\Lib\Template\ThinkTemplate.class.php ç¬¬ 404 è¡Œ.
NOTIC: [8192] preg_replace(): The /e modifier is deprecated, use preg_replace_callback instead E:\xampp\htdocs\PDM\ThinkPHP\Lib\Template\ThinkTemplate.class.php ç¬¬ 404 è¡Œ.
NOTIC: [8192] preg_replace(): The /e modifier is deprecated, use preg_replace_callback instead E:\xampp\htdocs\PDM\ThinkPHP\Lib\Template\ThinkTemplate.class.php ç¬¬ 404 è¡Œ.
NOTIC: [8192] preg_replace(): The /e modifier is deprecated, use preg_replace_callback instead E:\xampp\htdocs\PDM\ThinkPHP\Lib\Template\ThinkTemplate.class.php ç¬¬ 404 è¡Œ.
NOTIC: [8192] preg_replace(): The /e modifier is deprecated, use preg_replace_callback instead E:\xampp\htdocs\PDM\ThinkPHP\Lib\Template\ThinkTemplate.class.php ç¬¬ 404 è¡Œ.
NOTIC: [8192] preg_replace(): The /e modifier is deprecated, use preg_replace_callback instead E:\xampp\htdocs\PDM\ThinkPHP\Lib\Template\ThinkTemplate.class.php ç¬¬ 404 è¡Œ.
NOTIC: [8192] preg_replace(): The /e modifier is deprecated, use preg_replace_callback instead E:\xampp\htdocs\PDM\ThinkPHP\Lib\Template\ThinkTemplate.class.php ç¬¬ 404 è¡Œ.
NOTIC: [8192] preg_replace(): The /e modifier is deprecated, use preg_replace_callback instead E:\xampp\htdocs\PDM\ThinkPHP\Lib\Template\ThinkTemplate.class.php ç¬¬ 404 è¡Œ.
NOTIC: [8192] preg_replace(): The /e modifier is deprecated, use preg_replace_callback instead E:\xampp\htdocs\PDM\ThinkPHP\Lib\Template\ThinkTemplate.class.php ç¬¬ 404 è¡Œ.
NOTIC: [8192] preg_replace(): The /e modifier is deprecated, use preg_replace_callback instead E:\xampp\htdocs\PDM\ThinkPHP\Lib\Template\ThinkTemplate.class.php ç¬¬ 404 è¡Œ.
NOTIC: [8192] preg_replace(): The /e modifier is deprecated, use preg_replace_callback instead E:\xampp\htdocs\PDM\ThinkPHP\Lib\Template\ThinkTemplate.class.php ç¬¬ 404 è¡Œ.
NOTIC: [8192] preg_replace(): The /e modifier is deprecated, use preg_replace_callback instead E:\xampp\htdocs\PDM\ThinkPHP\Lib\Template\ThinkTemplate.class.php ç¬¬ 404 è¡Œ.
NOTIC: [8192] preg_replace(): The /e modifier is deprecated, use preg_replace_callback instead E:\xampp\htdocs\PDM\ThinkPHP\Lib\Template\ThinkTemplate.class.php ç¬¬ 404 è¡Œ.
NOTIC: [8192] preg_replace(): The /e modifier is deprecated, use preg_replace_callback instead E:\xampp\htdocs\PDM\ThinkPHP\Lib\Template\ThinkTemplate.class.php ç¬¬ 404 è¡Œ.
NOTIC: [8192] preg_replace(): The /e modifier is deprecated, use preg_replace_callback instead E:\xampp\htdocs\PDM\ThinkPHP\Lib\Template\ThinkTemplate.class.php ç¬¬ 404 è¡Œ.
NOTIC: [8192] preg_replace(): The /e modifier is deprecated, use preg_replace_callback instead E:\xampp\htdocs\PDM\ThinkPHP\Lib\Template\ThinkTemplate.class.php ç¬¬ 404 è¡Œ.
NOTIC: [8192] preg_replace(): The /e modifier is deprecated, use preg_replace_callback instead E:\xampp\htdocs\PDM\ThinkPHP\Lib\Template\ThinkTemplate.class.php ç¬¬ 404 è¡Œ.
NOTIC: [8192] preg_replace(): The /e modifier is deprecated, use preg_replace_callback instead E:\xampp\htdocs\PDM\ThinkPHP\Lib\Template\ThinkTemplate.class.php ç¬¬ 404 è¡Œ.
NOTIC: [8192] preg_replace(): The /e modifier is deprecated, use preg_replace_callback instead E:\xampp\htdocs\PDM\ThinkPHP\Lib\Template\ThinkTemplate.class.php ç¬¬ 404 è¡Œ.
NOTIC: [8192] preg_replace(): The /e modifier is deprecated, use preg_replace_callback instead E:\xampp\htdocs\PDM\ThinkPHP\Lib\Template\ThinkTemplate.class.php ç¬¬ 404 è¡Œ.
NOTIC: [8192] preg_replace(): The /e modifier is deprecated, use preg_replace_callback instead E:\xampp\htdocs\PDM\ThinkPHP\Lib\Template\ThinkTemplate.class.php ç¬¬ 404 è¡Œ.
NOTIC: [8192] preg_replace(): The /e modifier is deprecated, use preg_replace_callback instead E:\xampp\htdocs\PDM\ThinkPHP\Lib\Template\ThinkTemplate.class.php ç¬¬ 404 è¡Œ.
NOTIC: [8192] preg_replace(): The /e modifier is deprecated, use preg_replace_callback instead E:\xampp\htdocs\PDM\ThinkPHP\Lib\Template\ThinkTemplate.class.php ç¬¬ 404 è¡Œ.
NOTIC: [8192] preg_replace(): The /e modifier is deprecated, use preg_replace_callback instead E:\xampp\htdocs\PDM\ThinkPHP\Lib\Template\ThinkTemplate.class.php ç¬¬ 404 è¡Œ.
NOTIC: [8192] preg_replace(): The /e modifier is deprecated, use preg_replace_callback instead E:\xampp\htdocs\PDM\ThinkPHP\Lib\Template\ThinkTemplate.class.php ç¬¬ 404 è¡Œ.
NOTIC: [8192] preg_replace(): The /e modifier is deprecated, use preg_replace_callback instead E:\xampp\htdocs\PDM\ThinkPHP\Lib\Template\ThinkTemplate.class.php ç¬¬ 404 è¡Œ.
NOTIC: [8192] preg_replace(): The /e modifier is deprecated, use preg_replace_callback instead E:\xampp\htdocs\PDM\ThinkPHP\Lib\Template\ThinkTemplate.class.php ç¬¬ 404 è¡Œ.
NOTIC: [8192] preg_replace(): The /e modifier is deprecated, use preg_replace_callback instead E:\xampp\htdocs\PDM\ThinkPHP\Lib\Template\ThinkTemplate.class.php ç¬¬ 404 è¡Œ.
NOTIC: [8192] preg_replace(): The /e modifier is deprecated, use preg_replace_callback instead E:\xampp\htdocs\PDM\ThinkPHP\Lib\Template\ThinkTemplate.class.php ç¬¬ 404 è¡Œ.
NOTIC: [8192] preg_replace(): The /e modifier is deprecated, use preg_replace_callback instead E:\xampp\htdocs\PDM\ThinkPHP\Lib\Template\ThinkTemplate.class.php ç¬¬ 404 è¡Œ.
NOTIC: [8192] preg_replace(): The /e modifier is deprecated, use preg_replace_callback instead E:\xampp\htdocs\PDM\ThinkPHP\Lib\Template\ThinkTemplate.class.php ç¬¬ 404 è¡Œ.
NOTIC: [8192] preg_replace(): The /e modifier is deprecated, use preg_replace_callback instead E:\xampp\htdocs\PDM\ThinkPHP\Lib\Template\ThinkTemplate.class.php ç¬¬ 404 è¡Œ.
NOTIC: [8192] preg_replace(): The /e modifier is deprecated, use preg_replace_callback instead E:\xampp\htdocs\PDM\ThinkPHP\Lib\Template\ThinkTemplate.class.php ç¬¬ 404 è¡Œ.
NOTIC: [8192] preg_replace(): The /e modifier is deprecated, use preg_replace_callback instead E:\xampp\htdocs\PDM\ThinkPHP\Lib\Template\ThinkTemplate.class.php ç¬¬ 404 è¡Œ.
NOTIC: [8192] preg_replace(): The /e modifier is deprecated, use preg_replace_callback instead E:\xampp\htdocs\PDM\ThinkPHP\Lib\Template\ThinkTemplate.class.php ç¬¬ 404 è¡Œ.
NOTIC: [8192] preg_replace(): The /e modifier is deprecated, use preg_replace_callback instead E:\xampp\htdocs\PDM\ThinkPHP\Lib\Template\ThinkTemplate.class.php ç¬¬ 404 è¡Œ.
NOTIC: [8192] preg_replace(): The /e modifier is deprecated, use preg_replace_callback instead E:\xampp\htdocs\PDM\ThinkPHP\Lib\Template\ThinkTemplate.class.php ç¬¬ 404 è¡Œ.
NOTIC: [8192] preg_replace(): The /e modifier is deprecated, use preg_replace_callback instead E:\xampp\htdocs\PDM\ThinkPHP\Lib\Template\ThinkTemplate.class.php ç¬¬ 404 è¡Œ.
NOTIC: [8192] preg_replace(): The /e modifier is deprecated, use preg_replace_callback instead E:\xampp\htdocs\PDM\ThinkPHP\Lib\Template\ThinkTemplate.class.php ç¬¬ 404 è¡Œ.
NOTIC: [8192] preg_replace(): The /e modifier is deprecated, use preg_replace_callback instead E:\xampp\htdocs\PDM\ThinkPHP\Lib\Template\ThinkTemplate.class.php ç¬¬ 404 è¡Œ.
NOTIC: [8192] preg_replace(): The /e modifier is deprecated, use preg_replace_callback instead E:\xampp\htdocs\PDM\ThinkPHP\Lib\Template\ThinkTemplate.class.php ç¬¬ 404 è¡Œ.
NOTIC: [8192] preg_replace(): The /e modifier is deprecated, use preg_replace_callback instead E:\xampp\htdocs\PDM\ThinkPHP\Lib\Template\ThinkTemplate.class.php ç¬¬ 404 è¡Œ.
NOTIC: [8192] preg_replace(): The /e modifier is deprecated, use preg_replace_callback instead E:\xampp\htdocs\PDM\ThinkPHP\Lib\Template\ThinkTemplate.class.php ç¬¬ 404 è¡Œ.
NOTIC: [8192] preg_replace(): The /e modifier is deprecated, use preg_replace_callback instead E:\xampp\htdocs\PDM\ThinkPHP\Lib\Template\ThinkTemplate.class.php ç¬¬ 404 è¡Œ.
NOTIC: [8192] preg_replace(): The /e modifier is deprecated, use preg_replace_callback instead E:\xampp\htdocs\PDM\ThinkPHP\Lib\Template\ThinkTemplate.class.php ç¬¬ 404 è¡Œ.
NOTIC: [8192] preg_replace(): The /e modifier is deprecated, use preg_replace_callback instead E:\xampp\htdocs\PDM\ThinkPHP\Lib\Template\ThinkTemplate.class.php ç¬¬ 404 è¡Œ.
NOTIC: [8192] preg_replace(): The /e modifier is deprecated, use preg_replace_callback instead E:\xampp\htdocs\PDM\ThinkPHP\Lib\Template\ThinkTemplate.class.php ç¬¬ 404 è¡Œ.
NOTIC: [8192] preg_replace(): The /e modifier is deprecated, use preg_replace_callback instead E:\xampp\htdocs\PDM\ThinkPHP\Lib\Template\ThinkTemplate.class.php ç¬¬ 404 è¡Œ.
NOTIC: [8192] preg_replace(): The /e modifier is deprecated, use preg_replace_callback instead E:\xampp\htdocs\PDM\ThinkPHP\Lib\Template\ThinkTemplate.class.php ç¬¬ 404 è¡Œ.
NOTIC: [8192] preg_replace(): The /e modifier is deprecated, use preg_replace_callback instead E:\xampp\htdocs\PDM\ThinkPHP\Lib\Template\ThinkTemplate.class.php ç¬¬ 404 è¡Œ.
NOTIC: [8192] preg_replace(): The /e modifier is deprecated, use preg_replace_callback instead E:\xampp\htdocs\PDM\ThinkPHP\Lib\Template\ThinkTemplate.class.php ç¬¬ 404 è¡Œ.
NOTIC: [8192] preg_replace(): The /e modifier is deprecated, use preg_replace_callback instead E:\xampp\htdocs\PDM\ThinkPHP\Lib\Template\ThinkTemplate.class.php ç¬¬ 404 è¡Œ.
NOTIC: [8192] preg_replace(): The /e modifier is deprecated, use preg_replace_callback instead E:\xampp\htdocs\PDM\ThinkPHP\Lib\Template\ThinkTemplate.class.php ç¬¬ 404 è¡Œ.
NOTIC: [8192] preg_replace(): The /e modifier is deprecated, use preg_replace_callback instead E:\xampp\htdocs\PDM\ThinkPHP\Lib\Template\ThinkTemplate.class.php ç¬¬ 404 è¡Œ.
NOTIC: [8192] preg_replace(): The /e modifier is deprecated, use preg_replace_callback instead E:\xampp\htdocs\PDM\ThinkPHP\Lib\Template\ThinkTemplate.class.php ç¬¬ 404 è¡Œ.
NOTIC: [8192] preg_replace(): The /e modifier is deprecated, use preg_replace_callback instead E:\xampp\htdocs\PDM\ThinkPHP\Lib\Template\ThinkTemplate.class.php ç¬¬ 399 è¡Œ.
NOTIC: [8192] preg_replace(): The /e modifier is deprecated, use preg_replace_callback instead E:\xampp\htdocs\PDM\ThinkPHP\Lib\Template\ThinkTemplate.class.php ç¬¬ 399 è¡Œ.
NOTIC: [8192] preg_replace(): The /e modifier is deprecated, use preg_replace_callback instead E:\xampp\htdocs\PDM\ThinkPHP\Lib\Template\ThinkTemplate.class.php ç¬¬ 399 è¡Œ.
NOTIC: [8192] preg_replace(): The /e modifier is deprecated, use preg_replace_callback instead E:\xampp\htdocs\PDM\ThinkPHP\Lib\Template\ThinkTemplate.class.php ç¬¬ 399 è¡Œ.
NOTIC: [8192] preg_replace(): The /e modifier is deprecated, use preg_replace_callback instead E:\xampp\htdocs\PDM\ThinkPHP\Lib\Template\ThinkTemplate.class.php ç¬¬ 399 è¡Œ.
NOTIC: [8192] preg_replace(): The /e modifier is deprecated, use preg_replace_callback instead E:\xampp\htdocs\PDM\ThinkPHP\Lib\Template\ThinkTemplate.class.php ç¬¬ 399 è¡Œ.
NOTIC: [8192] preg_replace(): The /e modifier is deprecated, use preg_replace_callback instead E:\xampp\htdocs\PDM\ThinkPHP\Lib\Template\ThinkTemplate.class.php ç¬¬ 404 è¡Œ.
NOTIC: [8192] preg_replace(): The /e modifier is deprecated, use preg_replace_callback instead E:\xampp\htdocs\PDM\ThinkPHP\Lib\Template\ThinkTemplate.class.php ç¬¬ 404 è¡Œ.
NOTIC: [8192] preg_replace(): The /e modifier is deprecated, use preg_replace_callback instead E:\xampp\htdocs\PDM\ThinkPHP\Lib\Template\ThinkTemplate.class.php ç¬¬ 404 è¡Œ.
NOTIC: [8192] preg_replace(): The /e modifier is deprecated, use preg_replace_callback instead E:\xampp\htdocs\PDM\ThinkPHP\Lib\Template\ThinkTemplate.class.php ç¬¬ 197 è¡Œ.
NOTIC: [8192] preg_replace(): The /e modifier is deprecated, use preg_replace_callback instead E:\xampp\htdocs\PDM\ThinkPHP\Lib\Template\ThinkTemplate.class.php ç¬¬ 137 è¡Œ.
INFO: ParseTemplate Behavior ::run [ RunTime:1.228070s ]
INFO: [ view_parse ] --END-- [ RunTime:1.229070s ]
INFO: [ view_filter ] --START--
INFO: ContentReplace Behavior ::run [ RunTime:0.001001s ]
INFO: TokenBuild Behavior ::run [ RunTime:0.000000s ]
INFO: WriteHtmlCache Behavior ::run [ RunTime:0.000000s ]
INFO: ShowRuntime Behavior ::run [ RunTime:0.001000s ]
INFO: [ view_filter ] --END-- [ RunTime:0.025002s ]
INFO: [ view_end ] --START--
INFO: ShowPageTrace Behavior ::run [ RunTime:0.168010s ]
INFO: [ view_end ] --END-- [ RunTime:0.168010s ]

[ 2015-03-17T19:53:02+08:00 ] 0.0.0.0 /PDM/index.php?s=/Login/login
INFO: [ route_check ] --START--
INFO: CheckRoute Behavior ::run [ RunTime:0.141008s ]
INFO: [ route_check ] --END-- [ RunTime:0.141008s ]
NOTIC: [8192] preg_replace(): The /e modifier is deprecated, use preg_replace_callback instead E:\xampp\htdocs\PDM\ThinkPHP\Lib\Core\Dispatcher.class.php ç¬¬ 132 è¡Œ.
INFO: [ app_begin ] --START--
INFO: ReadHtmlCache Behavior ::run [ RunTime:0.002000s ]
INFO: [ app_begin ] --END-- [ RunTime:0.002000s ]
NOTIC: [8192] mysql_connect(): The mysql extension is deprecated and will be removed in the future: use mysqli or PDO instead E:\xampp\htdocs\PDM\ThinkPHP\Lib\Driver\Db\DbMysql.class.php ç¬¬ 55 è¡Œ.
NOTIC: [2] mysql_connect():  E:\xampp\htdocs\PDM\ThinkPHP\Lib\Driver\Db\DbMysql.class.php ç¬¬ 55 è¡Œ.
ERR: ÓÉÓÚÄ¿±ê¼ÆËã»ú»ý¼«¾Ü¾ø£¬ÎÞ·¨Á¬½Ó¡£


